2023-03-15 08:44:33,632 - ResourceLoader instantiated: org.apache.velocity.runtime.resource.loader.ClasspathResourceLoader
2023-03-15 08:44:33,632 - ResourceCache: initialized (class org.apache.velocity.runtime.resource.ResourceCacheImpl) with class java.util.Collections$SynchronizedMap cache map.
2023-03-15 08:44:33,632 - Loaded System Directive: org.apache.velocity.runtime.directive.Stop
2023-03-15 08:44:33,632 - Loaded System Directive: org.apache.velocity.runtime.directive.Define
2023-03-15 08:44:33,632 - Loaded System Directive: org.apache.velocity.runtime.directive.Break
2023-03-15 08:44:33,632 - Loaded System Directive: org.apache.velocity.runtime.directive.Evaluate
2023-03-15 08:44:33,632 - Loaded System Directive: org.apache.velocity.runtime.directive.Literal
2023-03-15 08:44:33,633 - Loaded System Directive: org.apache.velocity.runtime.directive.Macro
2023-03-15 08:44:33,633 - Loaded System Directive: org.apache.velocity.runtime.directive.Parse
2023-03-15 08:44:33,633 - Loaded System Directive: org.apache.velocity.runtime.directive.Include
2023-03-15 08:44:33,633 - Loaded System Directive: org.apache.velocity.runtime.directive.Foreach
2023-03-15 08:44:33,633 - Created '20' parsers.
2023-03-15 08:44:33,633 - Velocimacro : "velocimacro.library" is not set.  Trying default library: VM_global_library.vm
2023-03-15 08:44:33,634 - Could not load resource 'VM_global_library.vm' from ResourceLoader org.apache.velocity.runtime.resource.loader.ClasspathResourceLoader: ClasspathResourceLoader Error: cannot find resource VM_global_library.vm
2023-03-15 08:44:33,634 - Velocimacro : Default library not found.
2023-03-15 08:44:33,634 - Velocimacro : allowInline = true : VMs can be defined inline in templates
2023-03-15 08:44:33,634 - Velocimacro : allowInlineToOverride = false : VMs defined inline may NOT replace previous VM definitions
2023-03-15 08:44:33,634 - Velocimacro : allowInlineLocal = false : VMs defined inline will be global in scope if allowed.
2023-03-15 08:44:33,634 - Velocimacro : autoload off : VM system will not automatically reload global library macros
2023-03-15 08:45:37,168 - Log4JLogChute initialized using file 'velocity.log'
2023-03-15 08:45:37,168 - Initializing Velocity, Calling init()...
2023-03-15 08:45:37,168 - Starting Apache Velocity v1.7 (compiled: 2010-11-19 12:14:37)
2023-03-15 08:45:37,168 - Default Properties File: org/apache/velocity/runtime/defaults/velocity.properties
2023-03-15 08:45:37,168 - Trying to use logger class org.apache.velocity.runtime.log.AvalonLogChute
2023-03-15 08:45:37,168 - Target log system for org.apache.velocity.runtime.log.AvalonLogChute is not available (java.lang.NoClassDefFoundError: org/apache/log/format/Formatter).  Falling back to next log system...
2023-03-15 08:45:37,169 - Trying to use logger class org.apache.velocity.runtime.log.Log4JLogChute
2023-03-15 08:45:37,169 - Using logger class org.apache.velocity.runtime.log.Log4JLogChute
2023-03-15 08:45:37,172 - ResourceLoader instantiated: org.apache.velocity.runtime.resource.loader.FileResourceLoader
2023-03-15 08:45:37,173 - Do unicode file recognition:  false
2023-03-15 08:45:37,173 - FileResourceLoader : adding path '.'
2023-03-15 08:45:37,173 - ResourceLoader instantiated: org.apache.velocity.runtime.resource.loader.ClasspathResourceLoader
2023-03-15 08:45:37,181 - ResourceCache: initialized (class org.apache.velocity.runtime.resource.ResourceCacheImpl) with class java.util.Collections$SynchronizedMap cache map.
2023-03-15 08:45:37,182 - Loaded System Directive: org.apache.velocity.runtime.directive.Stop
2023-03-15 08:45:37,183 - Loaded System Directive: org.apache.velocity.runtime.directive.Define
2023-03-15 08:45:37,183 - Loaded System Directive: org.apache.velocity.runtime.directive.Break
2023-03-15 08:45:37,184 - Loaded System Directive: org.apache.velocity.runtime.directive.Evaluate
2023-03-15 08:45:37,184 - Loaded System Directive: org.apache.velocity.runtime.directive.Literal
2023-03-15 08:45:37,185 - Loaded System Directive: org.apache.velocity.runtime.directive.Macro
2023-03-15 08:45:37,186 - Loaded System Directive: org.apache.velocity.runtime.directive.Parse
2023-03-15 08:45:37,187 - Loaded System Directive: org.apache.velocity.runtime.directive.Include
2023-03-15 08:45:37,187 - Loaded System Directive: org.apache.velocity.runtime.directive.Foreach
2023-03-15 08:45:37,209 - Created '20' parsers.
2023-03-15 08:45:37,212 - Velocimacro : "velocimacro.library" is not set.  Trying default library: VM_global_library.vm
2023-03-15 08:45:37,213 - Could not load resource 'VM_global_library.vm' from ResourceLoader org.apache.velocity.runtime.resource.loader.ClasspathResourceLoader: ClasspathResourceLoader Error: cannot find resource VM_global_library.vm
2023-03-15 08:45:37,213 - Velocimacro : Default library not found.
2023-03-15 08:45:37,213 - Velocimacro : allowInline = true : VMs can be defined inline in templates
2023-03-15 08:45:37,213 - Velocimacro : allowInlineToOverride = false : VMs defined inline may NOT replace previous VM definitions
2023-03-15 08:45:37,213 - Velocimacro : allowInlineLocal = false : VMs defined inline will be global in scope if allowed.
2023-03-15 08:45:37,213 - Velocimacro : autoload off : VM system will not automatically reload global library macros
2023-03-15 08:45:37,215 - Log4JLogChute initialized using file 'velocity.log'
2023-03-15 08:45:37,215 - Log4JLogChute initialized using file 'velocity.log'
2023-03-15 08:45:37,216 - Initializing Velocity, Calling init()...
2023-03-15 08:45:37,216 - Initializing Velocity, Calling init()...
2023-03-15 08:45:37,216 - Starting Apache Velocity v1.7 (compiled: 2010-11-19 12:14:37)
2023-03-15 08:45:37,216 - Starting Apache Velocity v1.7 (compiled: 2010-11-19 12:14:37)
2023-03-15 08:45:37,216 - Default Properties File: org/apache/velocity/runtime/defaults/velocity.properties
2023-03-15 08:45:37,216 - Default Properties File: org/apache/velocity/runtime/defaults/velocity.properties
2023-03-15 08:45:37,216 - Trying to use logger class org.apache.velocity.runtime.log.AvalonLogChute
2023-03-15 08:45:37,216 - Trying to use logger class org.apache.velocity.runtime.log.AvalonLogChute
2023-03-15 08:45:37,216 - Target log system for org.apache.velocity.runtime.log.AvalonLogChute is not available (java.lang.NoClassDefFoundError: org/apache/log/format/Formatter).  Falling back to next log system...
2023-03-15 08:45:37,216 - Target log system for org.apache.velocity.runtime.log.AvalonLogChute is not available (java.lang.NoClassDefFoundError: org/apache/log/format/Formatter).  Falling back to next log system...
2023-03-15 08:45:37,216 - Trying to use logger class org.apache.velocity.runtime.log.Log4JLogChute
2023-03-15 08:45:37,216 - Trying to use logger class org.apache.velocity.runtime.log.Log4JLogChute
2023-03-15 08:45:37,216 - Using logger class org.apache.velocity.runtime.log.Log4JLogChute
2023-03-15 08:45:37,216 - Using logger class org.apache.velocity.runtime.log.Log4JLogChute
2023-03-15 08:45:37,216 - ResourceLoader instantiated: org.apache.velocity.runtime.resource.loader.FileResourceLoader
2023-03-15 08:45:37,216 - ResourceLoader instantiated: org.apache.velocity.runtime.resource.loader.FileResourceLoader
2023-03-15 08:45:37,216 - Do unicode file recognition:  false
2023-03-15 08:45:37,216 - Do unicode file recognition:  false
2023-03-15 08:45:37,216 - FileResourceLoader : adding path '.'
2023-03-15 08:45:37,216 - FileResourceLoader : adding path '.'
2023-03-15 08:45:37,216 - ResourceLoader instantiated: org.apache.velocity.runtime.resource.loader.ClasspathResourceLoader
2023-03-15 08:45:37,216 - ResourceLoader instantiated: org.apache.velocity.runtime.resource.loader.ClasspathResourceLoader
2023-03-15 08:45:37,216 - ResourceCache: initialized (class org.apache.velocity.runtime.resource.ResourceCacheImpl) with class java.util.Collections$SynchronizedMap cache map.
2023-03-15 08:45:37,216 - ResourceCache: initialized (class org.apache.velocity.runtime.resource.ResourceCacheImpl) with class java.util.Collections$SynchronizedMap cache map.
2023-03-15 08:45:37,217 - Loaded System Directive: org.apache.velocity.runtime.directive.Stop
2023-03-15 08:45:37,217 - Loaded System Directive: org.apache.velocity.runtime.directive.Stop
2023-03-15 08:45:37,217 - Loaded System Directive: org.apache.velocity.runtime.directive.Define
2023-03-15 08:45:37,217 - Loaded System Directive: org.apache.velocity.runtime.directive.Define
2023-03-15 08:45:37,217 - Loaded System Directive: org.apache.velocity.runtime.directive.Break
2023-03-15 08:45:37,217 - Loaded System Directive: org.apache.velocity.runtime.directive.Break
2023-03-15 08:45:37,217 - Loaded System Directive: org.apache.velocity.runtime.directive.Evaluate
2023-03-15 08:45:37,217 - Loaded System Directive: org.apache.velocity.runtime.directive.Evaluate
2023-03-15 08:45:37,217 - Loaded System Directive: org.apache.velocity.runtime.directive.Literal
2023-03-15 08:45:37,217 - Loaded System Directive: org.apache.velocity.runtime.directive.Literal
2023-03-15 08:45:37,217 - Loaded System Directive: org.apache.velocity.runtime.directive.Macro
2023-03-15 08:45:37,217 - Loaded System Directive: org.apache.velocity.runtime.directive.Macro
2023-03-15 08:45:37,217 - Loaded System Directive: org.apache.velocity.runtime.directive.Parse
2023-03-15 08:45:37,217 - Loaded System Directive: org.apache.velocity.runtime.directive.Parse
2023-03-15 08:45:37,217 - Loaded System Directive: org.apache.velocity.runtime.directive.Include
2023-03-15 08:45:37,217 - Loaded System Directive: org.apache.velocity.runtime.directive.Include
2023-03-15 08:45:37,217 - Loaded System Directive: org.apache.velocity.runtime.directive.Foreach
2023-03-15 08:45:37,217 - Loaded System Directive: org.apache.velocity.runtime.directive.Foreach
2023-03-15 08:45:37,218 - Created '20' parsers.
2023-03-15 08:45:37,218 - Created '20' parsers.
2023-03-15 08:45:37,218 - Velocimacro : "velocimacro.library" is not set.  Trying default library: VM_global_library.vm
2023-03-15 08:45:37,218 - Velocimacro : "velocimacro.library" is not set.  Trying default library: VM_global_library.vm
2023-03-15 08:45:37,218 - Could not load resource 'VM_global_library.vm' from ResourceLoader org.apache.velocity.runtime.resource.loader.ClasspathResourceLoader: ClasspathResourceLoader Error: cannot find resource VM_global_library.vm
2023-03-15 08:45:37,218 - Could not load resource 'VM_global_library.vm' from ResourceLoader org.apache.velocity.runtime.resource.loader.ClasspathResourceLoader: ClasspathResourceLoader Error: cannot find resource VM_global_library.vm
2023-03-15 08:45:37,218 - Velocimacro : Default library not found.
2023-03-15 08:45:37,218 - Velocimacro : Default library not found.
2023-03-15 08:45:37,218 - Velocimacro : allowInline = true : VMs can be defined inline in templates
2023-03-15 08:45:37,218 - Velocimacro : allowInline = true : VMs can be defined inline in templates
2023-03-15 08:45:37,218 - Velocimacro : allowInlineToOverride = false : VMs defined inline may NOT replace previous VM definitions
2023-03-15 08:45:37,218 - Velocimacro : allowInlineToOverride = false : VMs defined inline may NOT replace previous VM definitions
2023-03-15 08:45:37,218 - Velocimacro : allowInlineLocal = false : VMs defined inline will be global in scope if allowed.
2023-03-15 08:45:37,218 - Velocimacro : allowInlineLocal = false : VMs defined inline will be global in scope if allowed.
2023-03-15 08:45:37,218 - Velocimacro : autoload off : VM system will not automatically reload global library macros
2023-03-15 08:45:37,218 - Velocimacro : autoload off : VM system will not automatically reload global library macros
2023-03-15 08:53:36,741 - Log4JLogChute initialized using file 'velocity.log'
2023-03-15 08:53:36,741 - Initializing Velocity, Calling init()...
2023-03-15 08:53:36,741 - Starting Apache Velocity v1.7 (compiled: 2010-11-19 12:14:37)
2023-03-15 08:53:36,741 - Default Properties File: org/apache/velocity/runtime/defaults/velocity.properties
2023-03-15 08:53:36,741 - Trying to use logger class org.apache.velocity.runtime.log.AvalonLogChute
2023-03-15 08:53:36,741 - Target log system for org.apache.velocity.runtime.log.AvalonLogChute is not available (java.lang.NoClassDefFoundError: org/apache/log/format/Formatter).  Falling back to next log system...
2023-03-15 08:53:36,741 - Trying to use logger class org.apache.velocity.runtime.log.Log4JLogChute
2023-03-15 08:53:36,741 - Using logger class org.apache.velocity.runtime.log.Log4JLogChute
2023-03-15 08:53:36,744 - ResourceLoader instantiated: org.apache.velocity.runtime.resource.loader.FileResourceLoader
2023-03-15 08:53:36,744 - Do unicode file recognition:  false
2023-03-15 08:53:36,744 - FileResourceLoader : adding path '.'
2023-03-15 08:53:36,744 - ResourceLoader instantiated: org.apache.velocity.runtime.resource.loader.ClasspathResourceLoader
2023-03-15 08:53:36,751 - ResourceCache: initialized (class org.apache.velocity.runtime.resource.ResourceCacheImpl) with class java.util.Collections$SynchronizedMap cache map.
2023-03-15 08:53:36,752 - Loaded System Directive: org.apache.velocity.runtime.directive.Stop
2023-03-15 08:53:36,752 - Loaded System Directive: org.apache.velocity.runtime.directive.Define
2023-03-15 08:53:36,753 - Loaded System Directive: org.apache.velocity.runtime.directive.Break
2023-03-15 08:53:36,753 - Loaded System Directive: org.apache.velocity.runtime.directive.Evaluate
2023-03-15 08:53:36,754 - Loaded System Directive: org.apache.velocity.runtime.directive.Literal
2023-03-15 08:53:36,754 - Loaded System Directive: org.apache.velocity.runtime.directive.Macro
2023-03-15 08:53:36,755 - Loaded System Directive: org.apache.velocity.runtime.directive.Parse
2023-03-15 08:53:36,756 - Loaded System Directive: org.apache.velocity.runtime.directive.Include
2023-03-15 08:53:36,756 - Loaded System Directive: org.apache.velocity.runtime.directive.Foreach
2023-03-15 08:53:36,771 - Created '20' parsers.
2023-03-15 08:53:36,773 - Velocimacro : "velocimacro.library" is not set.  Trying default library: VM_global_library.vm
2023-03-15 08:53:36,774 - Could not load resource 'VM_global_library.vm' from ResourceLoader org.apache.velocity.runtime.resource.loader.ClasspathResourceLoader: ClasspathResourceLoader Error: cannot find resource VM_global_library.vm
2023-03-15 08:53:36,774 - Velocimacro : Default library not found.
2023-03-15 08:53:36,774 - Velocimacro : allowInline = true : VMs can be defined inline in templates
2023-03-15 08:53:36,774 - Velocimacro : allowInlineToOverride = false : VMs defined inline may NOT replace previous VM definitions
2023-03-15 08:53:36,774 - Velocimacro : allowInlineLocal = false : VMs defined inline will be global in scope if allowed.
2023-03-15 08:53:36,774 - Velocimacro : autoload off : VM system will not automatically reload global library macros
2023-03-15 08:53:36,777 - Log4JLogChute initialized using file 'velocity.log'
2023-03-15 08:53:36,777 - Log4JLogChute initialized using file 'velocity.log'
2023-03-15 08:53:36,777 - Initializing Velocity, Calling init()...
2023-03-15 08:53:36,777 - Initializing Velocity, Calling init()...
2023-03-15 08:53:36,777 - Starting Apache Velocity v1.7 (compiled: 2010-11-19 12:14:37)
2023-03-15 08:53:36,777 - Starting Apache Velocity v1.7 (compiled: 2010-11-19 12:14:37)
2023-03-15 08:53:36,777 - Default Properties File: org/apache/velocity/runtime/defaults/velocity.properties
2023-03-15 08:53:36,777 - Default Properties File: org/apache/velocity/runtime/defaults/velocity.properties
2023-03-15 08:53:36,777 - Trying to use logger class org.apache.velocity.runtime.log.AvalonLogChute
2023-03-15 08:53:36,777 - Trying to use logger class org.apache.velocity.runtime.log.AvalonLogChute
2023-03-15 08:53:36,777 - Target log system for org.apache.velocity.runtime.log.AvalonLogChute is not available (java.lang.NoClassDefFoundError: org/apache/log/format/Formatter).  Falling back to next log system...
2023-03-15 08:53:36,777 - Target log system for org.apache.velocity.runtime.log.AvalonLogChute is not available (java.lang.NoClassDefFoundError: org/apache/log/format/Formatter).  Falling back to next log system...
2023-03-15 08:53:36,777 - Trying to use logger class org.apache.velocity.runtime.log.Log4JLogChute
2023-03-15 08:53:36,777 - Trying to use logger class org.apache.velocity.runtime.log.Log4JLogChute
2023-03-15 08:53:36,777 - Using logger class org.apache.velocity.runtime.log.Log4JLogChute
2023-03-15 08:53:36,777 - Using logger class org.apache.velocity.runtime.log.Log4JLogChute
2023-03-15 08:53:36,777 - ResourceLoader instantiated: org.apache.velocity.runtime.resource.loader.FileResourceLoader
2023-03-15 08:53:36,777 - ResourceLoader instantiated: org.apache.velocity.runtime.resource.loader.FileResourceLoader
2023-03-15 08:53:36,777 - Do unicode file recognition:  false
2023-03-15 08:53:36,777 - Do unicode file recognition:  false
2023-03-15 08:53:36,778 - FileResourceLoader : adding path '.'
2023-03-15 08:53:36,778 - FileResourceLoader : adding path '.'
2023-03-15 08:53:36,778 - ResourceLoader instantiated: org.apache.velocity.runtime.resource.loader.ClasspathResourceLoader
2023-03-15 08:53:36,778 - ResourceLoader instantiated: org.apache.velocity.runtime.resource.loader.ClasspathResourceLoader
2023-03-15 08:53:36,778 - ResourceCache: initialized (class org.apache.velocity.runtime.resource.ResourceCacheImpl) with class java.util.Collections$SynchronizedMap cache map.
2023-03-15 08:53:36,778 - ResourceCache: initialized (class org.apache.velocity.runtime.resource.ResourceCacheImpl) with class java.util.Collections$SynchronizedMap cache map.
2023-03-15 08:53:36,778 - Loaded System Directive: org.apache.velocity.runtime.directive.Stop
2023-03-15 08:53:36,778 - Loaded System Directive: org.apache.velocity.runtime.directive.Stop
2023-03-15 08:53:36,778 - Loaded System Directive: org.apache.velocity.runtime.directive.Define
2023-03-15 08:53:36,778 - Loaded System Directive: org.apache.velocity.runtime.directive.Define
2023-03-15 08:53:36,778 - Loaded System Directive: org.apache.velocity.runtime.directive.Break
2023-03-15 08:53:36,778 - Loaded System Directive: org.apache.velocity.runtime.directive.Break
2023-03-15 08:53:36,778 - Loaded System Directive: org.apache.velocity.runtime.directive.Evaluate
2023-03-15 08:53:36,778 - Loaded System Directive: org.apache.velocity.runtime.directive.Evaluate
2023-03-15 08:53:36,778 - Loaded System Directive: org.apache.velocity.runtime.directive.Literal
2023-03-15 08:53:36,778 - Loaded System Directive: org.apache.velocity.runtime.directive.Literal
2023-03-15 08:53:36,778 - Loaded System Directive: org.apache.velocity.runtime.directive.Macro
2023-03-15 08:53:36,778 - Loaded System Directive: org.apache.velocity.runtime.directive.Macro
2023-03-15 08:53:36,778 - Loaded System Directive: org.apache.velocity.runtime.directive.Parse
2023-03-15 08:53:36,778 - Loaded System Directive: org.apache.velocity.runtime.directive.Parse
2023-03-15 08:53:36,779 - Loaded System Directive: org.apache.velocity.runtime.directive.Include
2023-03-15 08:53:36,779 - Loaded System Directive: org.apache.velocity.runtime.directive.Include
2023-03-15 08:53:36,779 - Loaded System Directive: org.apache.velocity.runtime.directive.Foreach
2023-03-15 08:53:36,779 - Loaded System Directive: org.apache.velocity.runtime.directive.Foreach
2023-03-15 08:53:36,779 - Created '20' parsers.
2023-03-15 08:53:36,779 - Created '20' parsers.
2023-03-15 08:53:36,779 - Velocimacro : "velocimacro.library" is not set.  Trying default library: VM_global_library.vm
2023-03-15 08:53:36,779 - Velocimacro : "velocimacro.library" is not set.  Trying default library: VM_global_library.vm
2023-03-15 08:53:36,779 - Could not load resource 'VM_global_library.vm' from ResourceLoader org.apache.velocity.runtime.resource.loader.ClasspathResourceLoader: ClasspathResourceLoader Error: cannot find resource VM_global_library.vm
2023-03-15 08:53:36,779 - Could not load resource 'VM_global_library.vm' from ResourceLoader org.apache.velocity.runtime.resource.loader.ClasspathResourceLoader: ClasspathResourceLoader Error: cannot find resource VM_global_library.vm
2023-03-15 08:53:36,779 - Velocimacro : Default library not found.
2023-03-15 08:53:36,779 - Velocimacro : Default library not found.
2023-03-15 08:53:36,779 - Velocimacro : allowInline = true : VMs can be defined inline in templates
2023-03-15 08:53:36,779 - Velocimacro : allowInline = true : VMs can be defined inline in templates
2023-03-15 08:53:36,779 - Velocimacro : allowInlineToOverride = false : VMs defined inline may NOT replace previous VM definitions
2023-03-15 08:53:36,779 - Velocimacro : allowInlineToOverride = false : VMs defined inline may NOT replace previous VM definitions
2023-03-15 08:53:36,779 - Velocimacro : allowInlineLocal = false : VMs defined inline will be global in scope if allowed.
2023-03-15 08:53:36,779 - Velocimacro : allowInlineLocal = false : VMs defined inline will be global in scope if allowed.
2023-03-15 08:53:36,780 - Velocimacro : autoload off : VM system will not automatically reload global library macros
2023-03-15 08:53:36,780 - Velocimacro : autoload off : VM system will not automatically reload global library macros
2023-03-15 10:13:00,439 - Log4JLogChute initialized using file 'velocity.log'
2023-03-15 10:13:00,439 - Initializing Velocity, Calling init()...
2023-03-15 10:13:00,439 - Starting Apache Velocity v1.7 (compiled: 2010-11-19 12:14:37)
2023-03-15 10:13:00,439 - Default Properties File: org/apache/velocity/runtime/defaults/velocity.properties
2023-03-15 10:13:00,439 - Trying to use logger class org.apache.velocity.runtime.log.AvalonLogChute
2023-03-15 10:13:00,439 - Target log system for org.apache.velocity.runtime.log.AvalonLogChute is not available (java.lang.NoClassDefFoundError: org/apache/log/format/Formatter).  Falling back to next log system...
2023-03-15 10:13:00,439 - Trying to use logger class org.apache.velocity.runtime.log.Log4JLogChute
2023-03-15 10:13:00,439 - Using logger class org.apache.velocity.runtime.log.Log4JLogChute
2023-03-15 10:13:00,442 - ResourceLoader instantiated: org.apache.velocity.runtime.resource.loader.FileResourceLoader
2023-03-15 10:13:00,443 - Do unicode file recognition:  false
2023-03-15 10:13:00,443 - FileResourceLoader : adding path '.'
2023-03-15 10:13:00,444 - ResourceLoader instantiated: org.apache.velocity.runtime.resource.loader.ClasspathResourceLoader
2023-03-15 10:13:00,451 - ResourceCache: initialized (class org.apache.velocity.runtime.resource.ResourceCacheImpl) with class java.util.Collections$SynchronizedMap cache map.
2023-03-15 10:13:00,453 - Loaded System Directive: org.apache.velocity.runtime.directive.Stop
2023-03-15 10:13:00,454 - Loaded System Directive: org.apache.velocity.runtime.directive.Define
2023-03-15 10:13:00,454 - Loaded System Directive: org.apache.velocity.runtime.directive.Break
2023-03-15 10:13:00,455 - Loaded System Directive: org.apache.velocity.runtime.directive.Evaluate
2023-03-15 10:13:00,455 - Loaded System Directive: org.apache.velocity.runtime.directive.Literal
2023-03-15 10:13:00,456 - Loaded System Directive: org.apache.velocity.runtime.directive.Macro
2023-03-15 10:13:00,456 - Loaded System Directive: org.apache.velocity.runtime.directive.Parse
2023-03-15 10:13:00,457 - Loaded System Directive: org.apache.velocity.runtime.directive.Include
2023-03-15 10:13:00,458 - Loaded System Directive: org.apache.velocity.runtime.directive.Foreach
2023-03-15 10:13:00,481 - Created '20' parsers.
2023-03-15 10:13:00,484 - Velocimacro : "velocimacro.library" is not set.  Trying default library: VM_global_library.vm
2023-03-15 10:13:00,485 - Could not load resource 'VM_global_library.vm' from ResourceLoader org.apache.velocity.runtime.resource.loader.ClasspathResourceLoader: ClasspathResourceLoader Error: cannot find resource VM_global_library.vm
2023-03-15 10:13:00,485 - Velocimacro : Default library not found.
2023-03-15 10:13:00,485 - Velocimacro : allowInline = true : VMs can be defined inline in templates
2023-03-15 10:13:00,485 - Velocimacro : allowInlineToOverride = false : VMs defined inline may NOT replace previous VM definitions
2023-03-15 10:13:00,485 - Velocimacro : allowInlineLocal = false : VMs defined inline will be global in scope if allowed.
2023-03-15 10:13:00,485 - Velocimacro : autoload off : VM system will not automatically reload global library macros
2023-03-15 10:13:00,488 - Log4JLogChute initialized using file 'velocity.log'
2023-03-15 10:13:00,488 - Log4JLogChute initialized using file 'velocity.log'
2023-03-15 10:13:00,488 - Initializing Velocity, Calling init()...
2023-03-15 10:13:00,488 - Initializing Velocity, Calling init()...
2023-03-15 10:13:00,488 - Starting Apache Velocity v1.7 (compiled: 2010-11-19 12:14:37)
2023-03-15 10:13:00,488 - Starting Apache Velocity v1.7 (compiled: 2010-11-19 12:14:37)
2023-03-15 10:13:00,488 - Default Properties File: org/apache/velocity/runtime/defaults/velocity.properties
2023-03-15 10:13:00,488 - Default Properties File: org/apache/velocity/runtime/defaults/velocity.properties
2023-03-15 10:13:00,488 - Trying to use logger class org.apache.velocity.runtime.log.AvalonLogChute
2023-03-15 10:13:00,488 - Trying to use logger class org.apache.velocity.runtime.log.AvalonLogChute
2023-03-15 10:13:00,488 - Target log system for org.apache.velocity.runtime.log.AvalonLogChute is not available (java.lang.NoClassDefFoundError: org/apache/log/format/Formatter).  Falling back to next log system...
2023-03-15 10:13:00,488 - Target log system for org.apache.velocity.runtime.log.AvalonLogChute is not available (java.lang.NoClassDefFoundError: org/apache/log/format/Formatter).  Falling back to next log system...
2023-03-15 10:13:00,488 - Trying to use logger class org.apache.velocity.runtime.log.Log4JLogChute
2023-03-15 10:13:00,488 - Trying to use logger class org.apache.velocity.runtime.log.Log4JLogChute
2023-03-15 10:13:00,488 - Using logger class org.apache.velocity.runtime.log.Log4JLogChute
2023-03-15 10:13:00,488 - Using logger class org.apache.velocity.runtime.log.Log4JLogChute
2023-03-15 10:13:00,488 - ResourceLoader instantiated: org.apache.velocity.runtime.resource.loader.FileResourceLoader
2023-03-15 10:13:00,488 - ResourceLoader instantiated: org.apache.velocity.runtime.resource.loader.FileResourceLoader
2023-03-15 10:13:00,488 - Do unicode file recognition:  false
2023-03-15 10:13:00,488 - Do unicode file recognition:  false
2023-03-15 10:13:00,489 - FileResourceLoader : adding path '.'
2023-03-15 10:13:00,489 - FileResourceLoader : adding path '.'
2023-03-15 10:13:00,489 - ResourceLoader instantiated: org.apache.velocity.runtime.resource.loader.ClasspathResourceLoader
2023-03-15 10:13:00,489 - ResourceLoader instantiated: org.apache.velocity.runtime.resource.loader.ClasspathResourceLoader
2023-03-15 10:13:00,489 - ResourceCache: initialized (class org.apache.velocity.runtime.resource.ResourceCacheImpl) with class java.util.Collections$SynchronizedMap cache map.
2023-03-15 10:13:00,489 - ResourceCache: initialized (class org.apache.velocity.runtime.resource.ResourceCacheImpl) with class java.util.Collections$SynchronizedMap cache map.
2023-03-15 10:13:00,489 - Loaded System Directive: org.apache.velocity.runtime.directive.Stop
2023-03-15 10:13:00,489 - Loaded System Directive: org.apache.velocity.runtime.directive.Stop
2023-03-15 10:13:00,489 - Loaded System Directive: org.apache.velocity.runtime.directive.Define
2023-03-15 10:13:00,489 - Loaded System Directive: org.apache.velocity.runtime.directive.Define
2023-03-15 10:13:00,489 - Loaded System Directive: org.apache.velocity.runtime.directive.Break
2023-03-15 10:13:00,489 - Loaded System Directive: org.apache.velocity.runtime.directive.Break
2023-03-15 10:13:00,489 - Loaded System Directive: org.apache.velocity.runtime.directive.Evaluate
2023-03-15 10:13:00,489 - Loaded System Directive: org.apache.velocity.runtime.directive.Evaluate
2023-03-15 10:13:00,489 - Loaded System Directive: org.apache.velocity.runtime.directive.Literal
2023-03-15 10:13:00,489 - Loaded System Directive: org.apache.velocity.runtime.directive.Literal
2023-03-15 10:13:00,489 - Loaded System Directive: org.apache.velocity.runtime.directive.Macro
2023-03-15 10:13:00,489 - Loaded System Directive: org.apache.velocity.runtime.directive.Macro
2023-03-15 10:13:00,489 - Loaded System Directive: org.apache.velocity.runtime.directive.Parse
2023-03-15 10:13:00,489 - Loaded System Directive: org.apache.velocity.runtime.directive.Parse
2023-03-15 10:13:00,490 - Loaded System Directive: org.apache.velocity.runtime.directive.Include
2023-03-15 10:13:00,490 - Loaded System Directive: org.apache.velocity.runtime.directive.Include
2023-03-15 10:13:00,490 - Loaded System Directive: org.apache.velocity.runtime.directive.Foreach
2023-03-15 10:13:00,490 - Loaded System Directive: org.apache.velocity.runtime.directive.Foreach
2023-03-15 10:13:00,490 - Created '20' parsers.
2023-03-15 10:13:00,490 - Created '20' parsers.
2023-03-15 10:13:00,490 - Velocimacro : "velocimacro.library" is not set.  Trying default library: VM_global_library.vm
2023-03-15 10:13:00,490 - Velocimacro : "velocimacro.library" is not set.  Trying default library: VM_global_library.vm
2023-03-15 10:13:00,491 - Could not load resource 'VM_global_library.vm' from ResourceLoader org.apache.velocity.runtime.resource.loader.ClasspathResourceLoader: ClasspathResourceLoader Error: cannot find resource VM_global_library.vm
2023-03-15 10:13:00,491 - Could not load resource 'VM_global_library.vm' from ResourceLoader org.apache.velocity.runtime.resource.loader.ClasspathResourceLoader: ClasspathResourceLoader Error: cannot find resource VM_global_library.vm
2023-03-15 10:13:00,491 - Velocimacro : Default library not found.
2023-03-15 10:13:00,491 - Velocimacro : Default library not found.
2023-03-15 10:13:00,491 - Velocimacro : allowInline = true : VMs can be defined inline in templates
2023-03-15 10:13:00,491 - Velocimacro : allowInline = true : VMs can be defined inline in templates
2023-03-15 10:13:00,491 - Velocimacro : allowInlineToOverride = false : VMs defined inline may NOT replace previous VM definitions
2023-03-15 10:13:00,491 - Velocimacro : allowInlineToOverride = false : VMs defined inline may NOT replace previous VM definitions
2023-03-15 10:13:00,491 - Velocimacro : allowInlineLocal = false : VMs defined inline will be global in scope if allowed.
2023-03-15 10:13:00,491 - Velocimacro : allowInlineLocal = false : VMs defined inline will be global in scope if allowed.
2023-03-15 10:13:00,491 - Velocimacro : autoload off : VM system will not automatically reload global library macros
2023-03-15 10:13:00,491 - Velocimacro : autoload off : VM system will not automatically reload global library macros
2023-03-15 10:48:47,552 - Log4JLogChute initialized using file 'velocity.log'
2023-03-15 10:48:47,552 - Initializing Velocity, Calling init()...
2023-03-15 10:48:47,552 - Starting Apache Velocity v1.7 (compiled: 2010-11-19 12:14:37)
2023-03-15 10:48:47,552 - Default Properties File: org/apache/velocity/runtime/defaults/velocity.properties
2023-03-15 10:48:47,552 - Trying to use logger class org.apache.velocity.runtime.log.AvalonLogChute
2023-03-15 10:48:47,552 - Target log system for org.apache.velocity.runtime.log.AvalonLogChute is not available (java.lang.NoClassDefFoundError: org/apache/log/format/Formatter).  Falling back to next log system...
2023-03-15 10:48:47,552 - Trying to use logger class org.apache.velocity.runtime.log.Log4JLogChute
2023-03-15 10:48:47,552 - Using logger class org.apache.velocity.runtime.log.Log4JLogChute
2023-03-15 10:48:47,555 - ResourceLoader instantiated: org.apache.velocity.runtime.resource.loader.FileResourceLoader
2023-03-15 10:48:47,556 - Do unicode file recognition:  false
2023-03-15 10:48:47,556 - FileResourceLoader : adding path '.'
2023-03-15 10:48:47,556 - ResourceLoader instantiated: org.apache.velocity.runtime.resource.loader.ClasspathResourceLoader
2023-03-15 10:48:47,564 - ResourceCache: initialized (class org.apache.velocity.runtime.resource.ResourceCacheImpl) with class java.util.Collections$SynchronizedMap cache map.
2023-03-15 10:48:47,564 - Loaded System Directive: org.apache.velocity.runtime.directive.Stop
2023-03-15 10:48:47,565 - Loaded System Directive: org.apache.velocity.runtime.directive.Define
2023-03-15 10:48:47,565 - Loaded System Directive: org.apache.velocity.runtime.directive.Break
2023-03-15 10:48:47,566 - Loaded System Directive: org.apache.velocity.runtime.directive.Evaluate
2023-03-15 10:48:47,566 - Loaded System Directive: org.apache.velocity.runtime.directive.Literal
2023-03-15 10:48:47,566 - Loaded System Directive: org.apache.velocity.runtime.directive.Macro
2023-03-15 10:48:47,567 - Loaded System Directive: org.apache.velocity.runtime.directive.Parse
2023-03-15 10:48:47,567 - Loaded System Directive: org.apache.velocity.runtime.directive.Include
2023-03-15 10:48:47,568 - Loaded System Directive: org.apache.velocity.runtime.directive.Foreach
2023-03-15 10:48:47,582 - Created '20' parsers.
2023-03-15 10:48:47,584 - Velocimacro : "velocimacro.library" is not set.  Trying default library: VM_global_library.vm
2023-03-15 10:48:47,584 - Could not load resource 'VM_global_library.vm' from ResourceLoader org.apache.velocity.runtime.resource.loader.ClasspathResourceLoader: ClasspathResourceLoader Error: cannot find resource VM_global_library.vm
2023-03-15 10:48:47,584 - Velocimacro : Default library not found.
2023-03-15 10:48:47,585 - Velocimacro : allowInline = true : VMs can be defined inline in templates
2023-03-15 10:48:47,585 - Velocimacro : allowInlineToOverride = false : VMs defined inline may NOT replace previous VM definitions
2023-03-15 10:48:47,585 - Velocimacro : allowInlineLocal = false : VMs defined inline will be global in scope if allowed.
2023-03-15 10:48:47,585 - Velocimacro : autoload off : VM system will not automatically reload global library macros
2023-03-15 10:48:47,586 - Log4JLogChute initialized using file 'velocity.log'
2023-03-15 10:48:47,586 - Log4JLogChute initialized using file 'velocity.log'
2023-03-15 10:48:47,587 - Initializing Velocity, Calling init()...
2023-03-15 10:48:47,587 - Initializing Velocity, Calling init()...
2023-03-15 10:48:47,587 - Starting Apache Velocity v1.7 (compiled: 2010-11-19 12:14:37)
2023-03-15 10:48:47,587 - Starting Apache Velocity v1.7 (compiled: 2010-11-19 12:14:37)
2023-03-15 10:48:47,587 - Default Properties File: org/apache/velocity/runtime/defaults/velocity.properties
2023-03-15 10:48:47,587 - Default Properties File: org/apache/velocity/runtime/defaults/velocity.properties
2023-03-15 10:48:47,587 - Trying to use logger class org.apache.velocity.runtime.log.AvalonLogChute
2023-03-15 10:48:47,587 - Trying to use logger class org.apache.velocity.runtime.log.AvalonLogChute
2023-03-15 10:48:47,587 - Target log system for org.apache.velocity.runtime.log.AvalonLogChute is not available (java.lang.NoClassDefFoundError: org/apache/log/format/Formatter).  Falling back to next log system...
2023-03-15 10:48:47,587 - Target log system for org.apache.velocity.runtime.log.AvalonLogChute is not available (java.lang.NoClassDefFoundError: org/apache/log/format/Formatter).  Falling back to next log system...
2023-03-15 10:48:47,587 - Trying to use logger class org.apache.velocity.runtime.log.Log4JLogChute
2023-03-15 10:48:47,587 - Trying to use logger class org.apache.velocity.runtime.log.Log4JLogChute
2023-03-15 10:48:47,587 - Using logger class org.apache.velocity.runtime.log.Log4JLogChute
2023-03-15 10:48:47,587 - Using logger class org.apache.velocity.runtime.log.Log4JLogChute
2023-03-15 10:48:47,587 - ResourceLoader instantiated: org.apache.velocity.runtime.resource.loader.FileResourceLoader
2023-03-15 10:48:47,587 - ResourceLoader instantiated: org.apache.velocity.runtime.resource.loader.FileResourceLoader
2023-03-15 10:48:47,587 - Do unicode file recognition:  false
2023-03-15 10:48:47,587 - Do unicode file recognition:  false
2023-03-15 10:48:47,587 - FileResourceLoader : adding path '.'
2023-03-15 10:48:47,587 - FileResourceLoader : adding path '.'
2023-03-15 10:48:47,587 - ResourceLoader instantiated: org.apache.velocity.runtime.resource.loader.ClasspathResourceLoader
2023-03-15 10:48:47,587 - ResourceLoader instantiated: org.apache.velocity.runtime.resource.loader.ClasspathResourceLoader
2023-03-15 10:48:47,587 - ResourceCache: initialized (class org.apache.velocity.runtime.resource.ResourceCacheImpl) with class java.util.Collections$SynchronizedMap cache map.
2023-03-15 10:48:47,587 - ResourceCache: initialized (class org.apache.velocity.runtime.resource.ResourceCacheImpl) with class java.util.Collections$SynchronizedMap cache map.
2023-03-15 10:48:47,587 - Loaded System Directive: org.apache.velocity.runtime.directive.Stop
2023-03-15 10:48:47,587 - Loaded System Directive: org.apache.velocity.runtime.directive.Stop
2023-03-15 10:48:47,588 - Loaded System Directive: org.apache.velocity.runtime.directive.Define
2023-03-15 10:48:47,588 - Loaded System Directive: org.apache.velocity.runtime.directive.Define
2023-03-15 10:48:47,588 - Loaded System Directive: org.apache.velocity.runtime.directive.Break
2023-03-15 10:48:47,588 - Loaded System Directive: org.apache.velocity.runtime.directive.Break
2023-03-15 10:48:47,588 - Loaded System Directive: org.apache.velocity.runtime.directive.Evaluate
2023-03-15 10:48:47,588 - Loaded System Directive: org.apache.velocity.runtime.directive.Evaluate
2023-03-15 10:48:47,588 - Loaded System Directive: org.apache.velocity.runtime.directive.Literal
2023-03-15 10:48:47,588 - Loaded System Directive: org.apache.velocity.runtime.directive.Literal
2023-03-15 10:48:47,588 - Loaded System Directive: org.apache.velocity.runtime.directive.Macro
2023-03-15 10:48:47,588 - Loaded System Directive: org.apache.velocity.runtime.directive.Macro
2023-03-15 10:48:47,588 - Loaded System Directive: org.apache.velocity.runtime.directive.Parse
2023-03-15 10:48:47,588 - Loaded System Directive: org.apache.velocity.runtime.directive.Parse
2023-03-15 10:48:47,588 - Loaded System Directive: org.apache.velocity.runtime.directive.Include
2023-03-15 10:48:47,588 - Loaded System Directive: org.apache.velocity.runtime.directive.Include
2023-03-15 10:48:47,588 - Loaded System Directive: org.apache.velocity.runtime.directive.Foreach
2023-03-15 10:48:47,588 - Loaded System Directive: org.apache.velocity.runtime.directive.Foreach
2023-03-15 10:48:47,588 - Created '20' parsers.
2023-03-15 10:48:47,588 - Created '20' parsers.
2023-03-15 10:48:47,589 - Velocimacro : "velocimacro.library" is not set.  Trying default library: VM_global_library.vm
2023-03-15 10:48:47,589 - Velocimacro : "velocimacro.library" is not set.  Trying default library: VM_global_library.vm
2023-03-15 10:48:47,589 - Could not load resource 'VM_global_library.vm' from ResourceLoader org.apache.velocity.runtime.resource.loader.ClasspathResourceLoader: ClasspathResourceLoader Error: cannot find resource VM_global_library.vm
2023-03-15 10:48:47,589 - Could not load resource 'VM_global_library.vm' from ResourceLoader org.apache.velocity.runtime.resource.loader.ClasspathResourceLoader: ClasspathResourceLoader Error: cannot find resource VM_global_library.vm
2023-03-15 10:48:47,589 - Velocimacro : Default library not found.
2023-03-15 10:48:47,589 - Velocimacro : Default library not found.
2023-03-15 10:48:47,589 - Velocimacro : allowInline = true : VMs can be defined inline in templates
2023-03-15 10:48:47,589 - Velocimacro : allowInline = true : VMs can be defined inline in templates
2023-03-15 10:48:47,589 - Velocimacro : allowInlineToOverride = false : VMs defined inline may NOT replace previous VM definitions
2023-03-15 10:48:47,589 - Velocimacro : allowInlineToOverride = false : VMs defined inline may NOT replace previous VM definitions
2023-03-15 10:48:47,589 - Velocimacro : allowInlineLocal = false : VMs defined inline will be global in scope if allowed.
2023-03-15 10:48:47,589 - Velocimacro : allowInlineLocal = false : VMs defined inline will be global in scope if allowed.
2023-03-15 10:48:47,589 - Velocimacro : autoload off : VM system will not automatically reload global library macros
2023-03-15 10:48:47,589 - Velocimacro : autoload off : VM system will not automatically reload global library macros
